<?xml version="1.0" encoding="UTF-8"?>
<!-- Generated by org.testng.reporters.JUnitXMLReporter -->
<testsuite hostname="nanzushree" ignored="0" name="Command line test" tests="50" failures="0" timestamp="2020-07-06T18:44:10 IST" time="0.048" errors="0">
  <testcase name="testUnitNumber0" time="0.005" classname="org.example.numeric.words.converter.impl.NumericConverterImplTest"/>
  <testcase name="testUnitNumber10" time="0.0" classname="org.example.numeric.words.converter.impl.NumericConverterImplTest"/>
  <testcase name="testUnitNumber100" time="0.0" classname="org.example.numeric.words.converter.impl.NumericConverterImplTest"/>
  <testcase name="testUnitNumber1000" time="0.001" classname="org.example.numeric.words.converter.impl.NumericConverterImplTest"/>
  <testcase name="testUnitNumber10000" time="0.0" classname="org.example.numeric.words.converter.impl.NumericConverterImplTest"/>
  <testcase name="testUnitNumber10005" time="0.001" classname="org.example.numeric.words.converter.impl.NumericConverterImplTest"/>
  <testcase name="testUnitNumber10010" time="0.0" classname="org.example.numeric.words.converter.impl.NumericConverterImplTest"/>
  <testcase name="testUnitNumber10014" time="0.0" classname="org.example.numeric.words.converter.impl.NumericConverterImplTest"/>
  <testcase name="testUnitNumber10020" time="0.0" classname="org.example.numeric.words.converter.impl.NumericConverterImplTest"/>
  <testcase name="testUnitNumber10025" time="0.0" classname="org.example.numeric.words.converter.impl.NumericConverterImplTest"/>
  <testcase name="testUnitNumber10030" time="0.001" classname="org.example.numeric.words.converter.impl.NumericConverterImplTest"/>
  <testcase name="testUnitNumber1005" time="0.0" classname="org.example.numeric.words.converter.impl.NumericConverterImplTest"/>
  <testcase name="testUnitNumber10099" time="0.0" classname="org.example.numeric.words.converter.impl.NumericConverterImplTest"/>
  <testcase name="testUnitNumber1010" time="0.0" classname="org.example.numeric.words.converter.impl.NumericConverterImplTest"/>
  <testcase name="testUnitNumber10100" time="0.0" classname="org.example.numeric.words.converter.impl.NumericConverterImplTest"/>
  <testcase name="testUnitNumber10105" time="0.0" classname="org.example.numeric.words.converter.impl.NumericConverterImplTest"/>
  <testcase name="testUnitNumber10117" time="0.0" classname="org.example.numeric.words.converter.impl.NumericConverterImplTest"/>
  <testcase name="testUnitNumber10143" time="0.0" classname="org.example.numeric.words.converter.impl.NumericConverterImplTest"/>
  <testcase name="testUnitNumber1018" time="0.001" classname="org.example.numeric.words.converter.impl.NumericConverterImplTest"/>
  <testcase name="testUnitNumber1020" time="0.0" classname="org.example.numeric.words.converter.impl.NumericConverterImplTest"/>
  <testcase name="testUnitNumber10500" time="0.0" classname="org.example.numeric.words.converter.impl.NumericConverterImplTest"/>
  <testcase name="testUnitNumber10848" time="0.001" classname="org.example.numeric.words.converter.impl.NumericConverterImplTest"/>
  <testcase name="testUnitNumber1099" time="0.0" classname="org.example.numeric.words.converter.impl.NumericConverterImplTest"/>
  <testcase name="testUnitNumber11" time="0.001" classname="org.example.numeric.words.converter.impl.NumericConverterImplTest"/>
  <testcase name="testUnitNumber12" time="0.0" classname="org.example.numeric.words.converter.impl.NumericConverterImplTest"/>
  <testcase name="testUnitNumber124672" time="0.0" classname="org.example.numeric.words.converter.impl.NumericConverterImplTest"/>
  <testcase name="testUnitNumber12672" time="0.0" classname="org.example.numeric.words.converter.impl.NumericConverterImplTest"/>
  <testcase name="testUnitNumber1400" time="0.0" classname="org.example.numeric.words.converter.impl.NumericConverterImplTest"/>
  <testcase name="testUnitNumber1445" time="0.0" classname="org.example.numeric.words.converter.impl.NumericConverterImplTest"/>
  <testcase name="testUnitNumber19" time="0.0" classname="org.example.numeric.words.converter.impl.NumericConverterImplTest"/>
  <testcase name="testUnitNumber19752" time="0.0" classname="org.example.numeric.words.converter.impl.NumericConverterImplTest"/>
  <testcase name="testUnitNumber20" time="0.0" classname="org.example.numeric.words.converter.impl.NumericConverterImplTest"/>
  <testcase name="testUnitNumber200" time="0.0" classname="org.example.numeric.words.converter.impl.NumericConverterImplTest"/>
  <testcase name="testUnitNumber24672" time="0.0" classname="org.example.numeric.words.converter.impl.NumericConverterImplTest"/>
  <testcase name="testUnitNumber25" time="0.0" classname="org.example.numeric.words.converter.impl.NumericConverterImplTest"/>
  <testcase name="testUnitNumber30" time="0.0" classname="org.example.numeric.words.converter.impl.NumericConverterImplTest"/>
  <testcase name="testUnitNumber303" time="0.0" classname="org.example.numeric.words.converter.impl.NumericConverterImplTest"/>
  <testcase name="testUnitNumber410" time="0.0" classname="org.example.numeric.words.converter.impl.NumericConverterImplTest"/>
  <testcase name="testUnitNumber5" time="0.0" classname="org.example.numeric.words.converter.impl.NumericConverterImplTest"/>
  <testcase name="testUnitNumber512" time="0.0" classname="org.example.numeric.words.converter.impl.NumericConverterImplTest"/>
  <testcase name="testUnitNumber620" time="0.0" classname="org.example.numeric.words.converter.impl.NumericConverterImplTest"/>
  <testcase name="testUnitNumber733" time="0.0" classname="org.example.numeric.words.converter.impl.NumericConverterImplTest"/>
  <testcase name="testUnitNumber9" time="0.0" classname="org.example.numeric.words.converter.impl.NumericConverterImplTest"/>
  <testcase name="testUnitNumber90" time="0.0" classname="org.example.numeric.words.converter.impl.NumericConverterImplTest"/>
  <testcase name="testUnitNumber99" time="0.0" classname="org.example.numeric.words.converter.impl.NumericConverterImplTest"/>
  <testcase name="testUnitNumber9999" time="0.001" classname="org.example.numeric.words.converter.impl.NumericConverterImplTest"/>
  <testcase name="testUnitString124672" time="0.0" classname="org.example.numeric.words.converter.impl.NumericConverterImplTest"/>
  <testcase name="testUnitString1855309" time="0.0" classname="org.example.numeric.words.converter.impl.NumericConverterImplTest"/>
  <testcase name="testUnitString24672" time="0.0" classname="org.example.numeric.words.converter.impl.NumericConverterImplTest"/>
  <testcase name="testUnitString4000000" time="0.001" classname="org.example.numeric.words.converter.impl.NumericConverterImplTest"/>
</testsuite> <!-- Command line test -->
