<?xml version="1.0" encoding="UTF-8"?>
<testng-results skipped="0" failed="0" ignored="0" total="50" passed="50">
  <reporter-output>
  </reporter-output>
  <suite name="org.example.numeric.words.converter.impl.NumericConverterImplTest" duration-ms="48" started-at="2020-07-06T18:44:10 IST" finished-at="2020-07-06T18:44:10 IST">
    <groups>
    </groups>
    <test name="Command line test" duration-ms="48" started-at="2020-07-06T18:44:10 IST" finished-at="2020-07-06T18:44:10 IST">
      <class name="org.example.numeric.words.converter.impl.NumericConverterImplTest">
        <test-method status="PASS" signature="testUnitNumber0()[pri:0, instance:org.example.numeric.words.converter.impl.NumericConverterImplTest@3ffc5af1]" name="testUnitNumber0" duration-ms="5" started-at="2020-07-06T18:44:10 IST" finished-at="2020-07-06T18:44:10 IST">
          <reporter-output>
          </reporter-output>
        </test-method> <!-- testUnitNumber0 -->
        <test-method status="PASS" signature="testUnitNumber10()[pri:0, instance:org.example.numeric.words.converter.impl.NumericConverterImplTest@3ffc5af1]" name="testUnitNumber10" duration-ms="0" started-at="2020-07-06T18:44:10 IST" finished-at="2020-07-06T18:44:10 IST">
          <reporter-output>
          </reporter-output>
        </test-method> <!-- testUnitNumber10 -->
        <test-method status="PASS" signature="testUnitNumber1000()[pri:0, instance:org.example.numeric.words.converter.impl.NumericConverterImplTest@3ffc5af1]" name="testUnitNumber1000" duration-ms="1" started-at="2020-07-06T18:44:10 IST" finished-at="2020-07-06T18:44:10 IST">
          <reporter-output>
          </reporter-output>
        </test-method> <!-- testUnitNumber1000 -->
        <test-method status="PASS" signature="testUnitNumber100()[pri:0, instance:org.example.numeric.words.converter.impl.NumericConverterImplTest@3ffc5af1]" name="testUnitNumber100" duration-ms="0" started-at="2020-07-06T18:44:10 IST" finished-at="2020-07-06T18:44:10 IST">
          <reporter-output>
          </reporter-output>
        </test-method> <!-- testUnitNumber100 -->
        <test-method status="PASS" signature="testUnitNumber10005()[pri:0, instance:org.example.numeric.words.converter.impl.NumericConverterImplTest@3ffc5af1]" name="testUnitNumber10005" duration-ms="1" started-at="2020-07-06T18:44:10 IST" finished-at="2020-07-06T18:44:10 IST">
          <reporter-output>
          </reporter-output>
        </test-method> <!-- testUnitNumber10005 -->
        <test-method status="PASS" signature="testUnitNumber10000()[pri:0, instance:org.example.numeric.words.converter.impl.NumericConverterImplTest@3ffc5af1]" name="testUnitNumber10000" duration-ms="0" started-at="2020-07-06T18:44:10 IST" finished-at="2020-07-06T18:44:10 IST">
          <reporter-output>
          </reporter-output>
        </test-method> <!-- testUnitNumber10000 -->
        <test-method status="PASS" signature="testUnitNumber10010()[pri:0, instance:org.example.numeric.words.converter.impl.NumericConverterImplTest@3ffc5af1]" name="testUnitNumber10010" duration-ms="0" started-at="2020-07-06T18:44:10 IST" finished-at="2020-07-06T18:44:10 IST">
          <reporter-output>
          </reporter-output>
        </test-method> <!-- testUnitNumber10010 -->
        <test-method status="PASS" signature="testUnitNumber10014()[pri:0, instance:org.example.numeric.words.converter.impl.NumericConverterImplTest@3ffc5af1]" name="testUnitNumber10014" duration-ms="0" started-at="2020-07-06T18:44:10 IST" finished-at="2020-07-06T18:44:10 IST">
          <reporter-output>
          </reporter-output>
        </test-method> <!-- testUnitNumber10014 -->
        <test-method status="PASS" signature="testUnitNumber10020()[pri:0, instance:org.example.numeric.words.converter.impl.NumericConverterImplTest@3ffc5af1]" name="testUnitNumber10020" duration-ms="0" started-at="2020-07-06T18:44:10 IST" finished-at="2020-07-06T18:44:10 IST">
          <reporter-output>
          </reporter-output>
        </test-method> <!-- testUnitNumber10020 -->
        <test-method status="PASS" signature="testUnitNumber10030()[pri:0, instance:org.example.numeric.words.converter.impl.NumericConverterImplTest@3ffc5af1]" name="testUnitNumber10030" duration-ms="1" started-at="2020-07-06T18:44:10 IST" finished-at="2020-07-06T18:44:10 IST">
          <reporter-output>
          </reporter-output>
        </test-method> <!-- testUnitNumber10030 -->
        <test-method status="PASS" signature="testUnitNumber10025()[pri:0, instance:org.example.numeric.words.converter.impl.NumericConverterImplTest@3ffc5af1]" name="testUnitNumber10025" duration-ms="0" started-at="2020-07-06T18:44:10 IST" finished-at="2020-07-06T18:44:10 IST">
          <reporter-output>
          </reporter-output>
        </test-method> <!-- testUnitNumber10025 -->
        <test-method status="PASS" signature="testUnitNumber1005()[pri:0, instance:org.example.numeric.words.converter.impl.NumericConverterImplTest@3ffc5af1]" name="testUnitNumber1005" duration-ms="0" started-at="2020-07-06T18:44:10 IST" finished-at="2020-07-06T18:44:10 IST">
          <reporter-output>
          </reporter-output>
        </test-method> <!-- testUnitNumber1005 -->
        <test-method status="PASS" signature="testUnitNumber10099()[pri:0, instance:org.example.numeric.words.converter.impl.NumericConverterImplTest@3ffc5af1]" name="testUnitNumber10099" duration-ms="0" started-at="2020-07-06T18:44:10 IST" finished-at="2020-07-06T18:44:10 IST">
          <reporter-output>
          </reporter-output>
        </test-method> <!-- testUnitNumber10099 -->
        <test-method status="PASS" signature="testUnitNumber10105()[pri:0, instance:org.example.numeric.words.converter.impl.NumericConverterImplTest@3ffc5af1]" name="testUnitNumber10105" duration-ms="0" started-at="2020-07-06T18:44:10 IST" finished-at="2020-07-06T18:44:10 IST">
          <reporter-output>
          </reporter-output>
        </test-method> <!-- testUnitNumber10105 -->
        <test-method status="PASS" signature="testUnitNumber1010()[pri:0, instance:org.example.numeric.words.converter.impl.NumericConverterImplTest@3ffc5af1]" name="testUnitNumber1010" duration-ms="0" started-at="2020-07-06T18:44:10 IST" finished-at="2020-07-06T18:44:10 IST">
          <reporter-output>
          </reporter-output>
        </test-method> <!-- testUnitNumber1010 -->
        <test-method status="PASS" signature="testUnitNumber10100()[pri:0, instance:org.example.numeric.words.converter.impl.NumericConverterImplTest@3ffc5af1]" name="testUnitNumber10100" duration-ms="0" started-at="2020-07-06T18:44:10 IST" finished-at="2020-07-06T18:44:10 IST">
          <reporter-output>
          </reporter-output>
        </test-method> <!-- testUnitNumber10100 -->
        <test-method status="PASS" signature="testUnitNumber1018()[pri:0, instance:org.example.numeric.words.converter.impl.NumericConverterImplTest@3ffc5af1]" name="testUnitNumber1018" duration-ms="1" started-at="2020-07-06T18:44:10 IST" finished-at="2020-07-06T18:44:10 IST">
          <reporter-output>
          </reporter-output>
        </test-method> <!-- testUnitNumber1018 -->
        <test-method status="PASS" signature="testUnitNumber10117()[pri:0, instance:org.example.numeric.words.converter.impl.NumericConverterImplTest@3ffc5af1]" name="testUnitNumber10117" duration-ms="0" started-at="2020-07-06T18:44:10 IST" finished-at="2020-07-06T18:44:10 IST">
          <reporter-output>
          </reporter-output>
        </test-method> <!-- testUnitNumber10117 -->
        <test-method status="PASS" signature="testUnitNumber10143()[pri:0, instance:org.example.numeric.words.converter.impl.NumericConverterImplTest@3ffc5af1]" name="testUnitNumber10143" duration-ms="0" started-at="2020-07-06T18:44:10 IST" finished-at="2020-07-06T18:44:10 IST">
          <reporter-output>
          </reporter-output>
        </test-method> <!-- testUnitNumber10143 -->
        <test-method status="PASS" signature="testUnitNumber1020()[pri:0, instance:org.example.numeric.words.converter.impl.NumericConverterImplTest@3ffc5af1]" name="testUnitNumber1020" duration-ms="0" started-at="2020-07-06T18:44:10 IST" finished-at="2020-07-06T18:44:10 IST">
          <reporter-output>
          </reporter-output>
        </test-method> <!-- testUnitNumber1020 -->
        <test-method status="PASS" signature="testUnitNumber10848()[pri:0, instance:org.example.numeric.words.converter.impl.NumericConverterImplTest@3ffc5af1]" name="testUnitNumber10848" duration-ms="1" started-at="2020-07-06T18:44:10 IST" finished-at="2020-07-06T18:44:10 IST">
          <reporter-output>
          </reporter-output>
        </test-method> <!-- testUnitNumber10848 -->
        <test-method status="PASS" signature="testUnitNumber10500()[pri:0, instance:org.example.numeric.words.converter.impl.NumericConverterImplTest@3ffc5af1]" name="testUnitNumber10500" duration-ms="0" started-at="2020-07-06T18:44:10 IST" finished-at="2020-07-06T18:44:10 IST">
          <reporter-output>
          </reporter-output>
        </test-method> <!-- testUnitNumber10500 -->
        <test-method status="PASS" signature="testUnitNumber11()[pri:0, instance:org.example.numeric.words.converter.impl.NumericConverterImplTest@3ffc5af1]" name="testUnitNumber11" duration-ms="1" started-at="2020-07-06T18:44:10 IST" finished-at="2020-07-06T18:44:10 IST">
          <reporter-output>
          </reporter-output>
        </test-method> <!-- testUnitNumber11 -->
        <test-method status="PASS" signature="testUnitNumber1099()[pri:0, instance:org.example.numeric.words.converter.impl.NumericConverterImplTest@3ffc5af1]" name="testUnitNumber1099" duration-ms="0" started-at="2020-07-06T18:44:10 IST" finished-at="2020-07-06T18:44:10 IST">
          <reporter-output>
          </reporter-output>
        </test-method> <!-- testUnitNumber1099 -->
        <test-method status="PASS" signature="testUnitNumber124672()[pri:0, instance:org.example.numeric.words.converter.impl.NumericConverterImplTest@3ffc5af1]" name="testUnitNumber124672" duration-ms="0" started-at="2020-07-06T18:44:10 IST" finished-at="2020-07-06T18:44:10 IST">
          <reporter-output>
          </reporter-output>
        </test-method> <!-- testUnitNumber124672 -->
        <test-method status="PASS" signature="testUnitNumber12()[pri:0, instance:org.example.numeric.words.converter.impl.NumericConverterImplTest@3ffc5af1]" name="testUnitNumber12" duration-ms="0" started-at="2020-07-06T18:44:10 IST" finished-at="2020-07-06T18:44:10 IST">
          <reporter-output>
          </reporter-output>
        </test-method> <!-- testUnitNumber12 -->
        <test-method status="PASS" signature="testUnitNumber1400()[pri:0, instance:org.example.numeric.words.converter.impl.NumericConverterImplTest@3ffc5af1]" name="testUnitNumber1400" duration-ms="0" started-at="2020-07-06T18:44:10 IST" finished-at="2020-07-06T18:44:10 IST">
          <reporter-output>
          </reporter-output>
        </test-method> <!-- testUnitNumber1400 -->
        <test-method status="PASS" signature="testUnitNumber12672()[pri:0, instance:org.example.numeric.words.converter.impl.NumericConverterImplTest@3ffc5af1]" name="testUnitNumber12672" duration-ms="0" started-at="2020-07-06T18:44:10 IST" finished-at="2020-07-06T18:44:10 IST">
          <reporter-output>
          </reporter-output>
        </test-method> <!-- testUnitNumber12672 -->
        <test-method status="PASS" signature="testUnitNumber1445()[pri:0, instance:org.example.numeric.words.converter.impl.NumericConverterImplTest@3ffc5af1]" name="testUnitNumber1445" duration-ms="0" started-at="2020-07-06T18:44:10 IST" finished-at="2020-07-06T18:44:10 IST">
          <reporter-output>
          </reporter-output>
        </test-method> <!-- testUnitNumber1445 -->
        <test-method status="PASS" signature="testUnitNumber19()[pri:0, instance:org.example.numeric.words.converter.impl.NumericConverterImplTest@3ffc5af1]" name="testUnitNumber19" duration-ms="0" started-at="2020-07-06T18:44:10 IST" finished-at="2020-07-06T18:44:10 IST">
          <reporter-output>
          </reporter-output>
        </test-method> <!-- testUnitNumber19 -->
        <test-method status="PASS" signature="testUnitNumber20()[pri:0, instance:org.example.numeric.words.converter.impl.NumericConverterImplTest@3ffc5af1]" name="testUnitNumber20" duration-ms="0" started-at="2020-07-06T18:44:10 IST" finished-at="2020-07-06T18:44:10 IST">
          <reporter-output>
          </reporter-output>
        </test-method> <!-- testUnitNumber20 -->
        <test-method status="PASS" signature="testUnitNumber19752()[pri:0, instance:org.example.numeric.words.converter.impl.NumericConverterImplTest@3ffc5af1]" name="testUnitNumber19752" duration-ms="0" started-at="2020-07-06T18:44:10 IST" finished-at="2020-07-06T18:44:10 IST">
          <reporter-output>
          </reporter-output>
        </test-method> <!-- testUnitNumber19752 -->
        <test-method status="PASS" signature="testUnitNumber200()[pri:0, instance:org.example.numeric.words.converter.impl.NumericConverterImplTest@3ffc5af1]" name="testUnitNumber200" duration-ms="0" started-at="2020-07-06T18:44:10 IST" finished-at="2020-07-06T18:44:10 IST">
          <reporter-output>
          </reporter-output>
        </test-method> <!-- testUnitNumber200 -->
        <test-method status="PASS" signature="testUnitNumber30()[pri:0, instance:org.example.numeric.words.converter.impl.NumericConverterImplTest@3ffc5af1]" name="testUnitNumber30" duration-ms="0" started-at="2020-07-06T18:44:10 IST" finished-at="2020-07-06T18:44:10 IST">
          <reporter-output>
          </reporter-output>
        </test-method> <!-- testUnitNumber30 -->
        <test-method status="PASS" signature="testUnitNumber24672()[pri:0, instance:org.example.numeric.words.converter.impl.NumericConverterImplTest@3ffc5af1]" name="testUnitNumber24672" duration-ms="0" started-at="2020-07-06T18:44:10 IST" finished-at="2020-07-06T18:44:10 IST">
          <reporter-output>
          </reporter-output>
        </test-method> <!-- testUnitNumber24672 -->
        <test-method status="PASS" signature="testUnitNumber25()[pri:0, instance:org.example.numeric.words.converter.impl.NumericConverterImplTest@3ffc5af1]" name="testUnitNumber25" duration-ms="0" started-at="2020-07-06T18:44:10 IST" finished-at="2020-07-06T18:44:10 IST">
          <reporter-output>
          </reporter-output>
        </test-method> <!-- testUnitNumber25 -->
        <test-method status="PASS" signature="testUnitNumber5()[pri:0, instance:org.example.numeric.words.converter.impl.NumericConverterImplTest@3ffc5af1]" name="testUnitNumber5" duration-ms="0" started-at="2020-07-06T18:44:10 IST" finished-at="2020-07-06T18:44:10 IST">
          <reporter-output>
          </reporter-output>
        </test-method> <!-- testUnitNumber5 -->
        <test-method status="PASS" signature="testUnitNumber410()[pri:0, instance:org.example.numeric.words.converter.impl.NumericConverterImplTest@3ffc5af1]" name="testUnitNumber410" duration-ms="0" started-at="2020-07-06T18:44:10 IST" finished-at="2020-07-06T18:44:10 IST">
          <reporter-output>
          </reporter-output>
        </test-method> <!-- testUnitNumber410 -->
        <test-method status="PASS" signature="testUnitNumber303()[pri:0, instance:org.example.numeric.words.converter.impl.NumericConverterImplTest@3ffc5af1]" name="testUnitNumber303" duration-ms="0" started-at="2020-07-06T18:44:10 IST" finished-at="2020-07-06T18:44:10 IST">
          <reporter-output>
          </reporter-output>
        </test-method> <!-- testUnitNumber303 -->
        <test-method status="PASS" signature="testUnitNumber620()[pri:0, instance:org.example.numeric.words.converter.impl.NumericConverterImplTest@3ffc5af1]" name="testUnitNumber620" duration-ms="0" started-at="2020-07-06T18:44:10 IST" finished-at="2020-07-06T18:44:10 IST">
          <reporter-output>
          </reporter-output>
        </test-method> <!-- testUnitNumber620 -->
        <test-method status="PASS" signature="testUnitNumber733()[pri:0, instance:org.example.numeric.words.converter.impl.NumericConverterImplTest@3ffc5af1]" name="testUnitNumber733" duration-ms="0" started-at="2020-07-06T18:44:10 IST" finished-at="2020-07-06T18:44:10 IST">
          <reporter-output>
          </reporter-output>
        </test-method> <!-- testUnitNumber733 -->
        <test-method status="PASS" signature="testUnitNumber512()[pri:0, instance:org.example.numeric.words.converter.impl.NumericConverterImplTest@3ffc5af1]" name="testUnitNumber512" duration-ms="0" started-at="2020-07-06T18:44:10 IST" finished-at="2020-07-06T18:44:10 IST">
          <reporter-output>
          </reporter-output>
        </test-method> <!-- testUnitNumber512 -->
        <test-method status="PASS" signature="testUnitNumber99()[pri:0, instance:org.example.numeric.words.converter.impl.NumericConverterImplTest@3ffc5af1]" name="testUnitNumber99" duration-ms="0" started-at="2020-07-06T18:44:10 IST" finished-at="2020-07-06T18:44:10 IST">
          <reporter-output>
          </reporter-output>
        </test-method> <!-- testUnitNumber99 -->
        <test-method status="PASS" signature="testUnitNumber9()[pri:0, instance:org.example.numeric.words.converter.impl.NumericConverterImplTest@3ffc5af1]" name="testUnitNumber9" duration-ms="0" started-at="2020-07-06T18:44:10 IST" finished-at="2020-07-06T18:44:10 IST">
          <reporter-output>
          </reporter-output>
        </test-method> <!-- testUnitNumber9 -->
        <test-method status="PASS" signature="testUnitNumber9999()[pri:0, instance:org.example.numeric.words.converter.impl.NumericConverterImplTest@3ffc5af1]" name="testUnitNumber9999" duration-ms="1" started-at="2020-07-06T18:44:10 IST" finished-at="2020-07-06T18:44:10 IST">
          <reporter-output>
          </reporter-output>
        </test-method> <!-- testUnitNumber9999 -->
        <test-method status="PASS" signature="testUnitNumber90()[pri:0, instance:org.example.numeric.words.converter.impl.NumericConverterImplTest@3ffc5af1]" name="testUnitNumber90" duration-ms="0" started-at="2020-07-06T18:44:10 IST" finished-at="2020-07-06T18:44:10 IST">
          <reporter-output>
          </reporter-output>
        </test-method> <!-- testUnitNumber90 -->
        <test-method status="PASS" signature="testUnitString1855309()[pri:0, instance:org.example.numeric.words.converter.impl.NumericConverterImplTest@3ffc5af1]" name="testUnitString1855309" duration-ms="0" started-at="2020-07-06T18:44:10 IST" finished-at="2020-07-06T18:44:10 IST">
          <reporter-output>
          </reporter-output>
        </test-method> <!-- testUnitString1855309 -->
        <test-method status="PASS" signature="testUnitString124672()[pri:0, instance:org.example.numeric.words.converter.impl.NumericConverterImplTest@3ffc5af1]" name="testUnitString124672" duration-ms="0" started-at="2020-07-06T18:44:10 IST" finished-at="2020-07-06T18:44:10 IST">
          <reporter-output>
          </reporter-output>
        </test-method> <!-- testUnitString124672 -->
        <test-method status="PASS" signature="testUnitString24672()[pri:0, instance:org.example.numeric.words.converter.impl.NumericConverterImplTest@3ffc5af1]" name="testUnitString24672" duration-ms="0" started-at="2020-07-06T18:44:10 IST" finished-at="2020-07-06T18:44:10 IST">
          <reporter-output>
          </reporter-output>
        </test-method> <!-- testUnitString24672 -->
        <test-method status="PASS" signature="testUnitString4000000()[pri:0, instance:org.example.numeric.words.converter.impl.NumericConverterImplTest@3ffc5af1]" name="testUnitString4000000" duration-ms="1" started-at="2020-07-06T18:44:10 IST" finished-at="2020-07-06T18:44:10 IST">
          <reporter-output>
          </reporter-output>
        </test-method> <!-- testUnitString4000000 -->
      </class> <!-- org.example.numeric.words.converter.impl.NumericConverterImplTest -->
    </test> <!-- Command line test -->
  </suite> <!-- org.example.numeric.words.converter.impl.NumericConverterImplTest -->
</testng-results>
